Determining if the pthread_create exist failed with the following output:
Change Dir: /home/robolab/iit/integrity/feature_extractor/build/CMakeFiles/CMakeTmp

Run Build Command:"/usr/bin/make" "cmTC_193e5/fast"
/usr/bin/make -f CMakeFiles/cmTC_193e5.dir/build.make CMakeFiles/cmTC_193e5.dir/build
make[1]: Entering directory '/home/robolab/iit/integrity/feature_extractor/build/CMakeFiles/CMakeTmp'
Building C object CMakeFiles/cmTC_193e5.dir/CheckSymbolExists.c.o
/usr/bin/cc    -o CMakeFiles/cmTC_193e5.dir/CheckSymbolExists.c.o   -c /home/robolab/iit/integrity/feature_extractor/build/CMakeFiles/CMakeTmp/CheckSymbolExists.c
Linking C executable cmTC_193e5
/usr/bin/cmake -E cmake_link_script CMakeFiles/cmTC_193e5.dir/link.txt --verbose=1
/usr/bin/cc      -rdynamic CMakeFiles/cmTC_193e5.dir/CheckSymbolExists.c.o  -o cmTC_193e5 
CMakeFiles/cmTC_193e5.dir/CheckSymbolExists.c.o: In function `main':
CheckSymbolExists.c:(.text+0x1b): undefined reference to `pthread_create'
collect2: error: ld returned 1 exit status
CMakeFiles/cmTC_193e5.dir/build.make:97: recipe for target 'cmTC_193e5' failed
make[1]: *** [cmTC_193e5] Error 1
make[1]: Leaving directory '/home/robolab/iit/integrity/feature_extractor/build/CMakeFiles/CMakeTmp'
Makefile:126: recipe for target 'cmTC_193e5/fast' failed
make: *** [cmTC_193e5/fast] Error 2

File /home/robolab/iit/integrity/feature_extractor/build/CMakeFiles/CMakeTmp/CheckSymbolExists.c:
/* */
#include <pthread.h>

int main(int argc, char** argv)
{
  (void)argv;
#ifndef pthread_create
  return ((int*)(&pthread_create))[argc];
#else
  (void)argc;
  return 0;
#endif
}

Determining if the function pthread_create exists in the pthreads failed with the following output:
Change Dir: /home/robolab/iit/integrity/feature_extractor/build/CMakeFiles/CMakeTmp

Run Build Command:"/usr/bin/make" "cmTC_570f3/fast"
/usr/bin/make -f CMakeFiles/cmTC_570f3.dir/build.make CMakeFiles/cmTC_570f3.dir/build
make[1]: Entering directory '/home/robolab/iit/integrity/feature_extractor/build/CMakeFiles/CMakeTmp'
Building C object CMakeFiles/cmTC_570f3.dir/CheckFunctionExists.c.o
/usr/bin/cc   -DCHECK_FUNCTION_EXISTS=pthread_create   -o CMakeFiles/cmTC_570f3.dir/CheckFunctionExists.c.o   -c /usr/share/cmake-3.10/Modules/CheckFunctionExists.c
Linking C executable cmTC_570f3
/usr/bin/cmake -E cmake_link_script CMakeFiles/cmTC_570f3.dir/link.txt --verbose=1
/usr/bin/cc  -DCHECK_FUNCTION_EXISTS=pthread_create    -rdynamic CMakeFiles/cmTC_570f3.dir/CheckFunctionExists.c.o  -o cmTC_570f3 -lpthreads 
/usr/bin/x86_64-linux-gnu-ld: cannot find -lpthreads
collect2: error: ld returned 1 exit status
CMakeFiles/cmTC_570f3.dir/build.make:97: recipe for target 'cmTC_570f3' failed
make[1]: *** [cmTC_570f3] Error 1
make[1]: Leaving directory '/home/robolab/iit/integrity/feature_extractor/build/CMakeFiles/CMakeTmp'
Makefile:126: recipe for target 'cmTC_570f3/fast' failed
make: *** [cmTC_570f3/fast] Error 2


